Problem:    fuelSupplyMinTSSep_NA
Rows:       269
Columns:    72 (36 integer, 36 binary)
Non-zeros:  448
Status:     INTEGER OPTIMAL
Objective:  cost = 5934.96875 (MINimum)

   No.   Row name        Activity     Lower bound   Upper bound
------ ------------    ------------- ------------- -------------
     1 balance0[1]               -23           -23             = 
     2 balance0[2]               -23           -23             = 
     3 balance0[3]               -23           -23             = 
     4 balance0[4]               -23           -23             = 
     5 balance[2,1]               16            16             = 
     6 balance[2,2]               16            16             = 
     7 balance[2,3]               -5            -5             = 
     8 balance[2,4]               -5            -5             = 
     9 balance[3,1]               43            43             = 
    10 balance[3,2]               24            24             = 
    11 balance[3,3]               34            34             = 
    12 balance[3,4]               44            44             = 
    13 inventory[1,1]
                                  23             0            80 
    14 inventory[1,2]
                                  23             0            80 
    15 inventory[1,3]
                                  23             0            80 
    16 inventory[1,4]
                                  23             0            80 
    17 inventory[2,1]
                                  25             0            80 
    18 inventory[2,2]
                                  25             0            80 
    19 inventory[2,3]
                                  46             0            80 
    20 inventory[2,4]
                                  46             0            80 
    21 inventory[3,1]
                                  21             0            80 
    22 inventory[3,2]
                                  40             0            80 
    23 inventory[3,3]
                                  12             0            80 
    24 inventory[3,4]
                                   2             0            80 
    25 singleAcquisition[P1,1]
                                   0                           1 
    26 singleAcquisition[P1,2]
                                   0                           1 
    27 singleAcquisition[P1,3]
                                   0                           1 
    28 singleAcquisition[P1,4]
                                   0                           1 
    29 singleAcquisition[P2,1]
                                   0                           1 
    30 singleAcquisition[P2,2]
                                   0                           1 
    31 singleAcquisition[P2,3]
                                   0                           1 
    32 singleAcquisition[P2,4]
                                   0                           1 
    33 singleAcquisition[P3,1]
                                   1                           1 
    34 singleAcquisition[P3,2]
                                   1                           1 
    35 singleAcquisition[P3,3]
                                   0                           1 
    36 singleAcquisition[P3,4]
                                   0                           1 
    37 singleAcquisition[P4,1]
                                   1                           1 
    38 singleAcquisition[P4,2]
                                   1                           1 
    39 singleAcquisition[P4,3]
                                   1                           1 
    40 singleAcquisition[P4,4]
                                   1                           1 
    41 singleCancellation[A1,1]
                                   0                           1 
    42 singleCancellation[A1,2]
                                   0                           1 
    43 singleCancellation[A1,3]
                                   0                           1 
    44 singleCancellation[A1,4]
                                   0                           1 
    45 singleCancellation[A2,1]
                                   1                           1 
    46 singleCancellation[A2,2]
                                   1                           1 
    47 singleCancellation[A2,3]
                                   1                           1 
    48 singleCancellation[A2,4]
                                   1                           1 
    49 acquiredFuel[1,1]
                                   0            -0             = 
    50 acquiredFuel[1,2]
                                   0            -0             = 
    51 acquiredFuel[1,3]
                                   0            -0             = 
    52 acquiredFuel[1,4]
                                   0            -0             = 
    53 acquiredFuel[2,1]
                                   0            -0             = 
    54 acquiredFuel[2,2]
                                   0            -0             = 
    55 acquiredFuel[2,3]
                                   0            -0             = 
    56 acquiredFuel[2,4]
                                   0            -0             = 
    57 acquiredFuel[3,1]
                                   0            -0             = 
    58 acquiredFuel[3,2]
                                   0            -0             = 
    59 acquiredFuel[3,3]
                                   0            -0             = 
    60 acquiredFuel[3,4]
                                   0            -0             = 
    61 cancelledFuel[1,1]
                                   0            -0             = 
    62 cancelledFuel[1,2]
                                   0            -0             = 
    63 cancelledFuel[1,3]
                                   0            -0             = 
    64 cancelledFuel[1,4]
                                   0            -0             = 
    65 cancelledFuel[2,1]
                                   0            -0             = 
    66 cancelledFuel[2,2]
                                   0            -0             = 
    67 cancelledFuel[2,3]
                                   0            -0             = 
    68 cancelledFuel[2,4]
                                   0            -0             = 
    69 cancelledFuel[3,1]
                                   0            -0             = 
    70 cancelledFuel[3,2]
                                   0            -0             = 
    71 cancelledFuel[3,3]
                                   0            -0             = 
    72 cancelledFuel[3,4]
                                   0            -0             = 
    73 cost                  5934.97                             
    74 NA_u_ctr[1,1,1]
                                   0            -0             = 
    75 NA_u_ctr[1,1,2]
                                   0            -0             = 
    76 NA_u_ctr[1,1,3]
                                   0            -0             = 
    77 NA_u_ctr[1,1,4]
                                   0            -0             = 
    78 NA_u_ctr[1,2,1]
                                   0            -0             = 
    79 NA_u_ctr[1,2,2]
                                   0            -0             = 
    80 NA_u_ctr[1,2,3]
                                   0            -0             = 
    81 NA_u_ctr[1,2,4]
                                   0            -0             = 
    82 NA_u_ctr[1,3,1]
                                   0            -0             = 
    83 NA_u_ctr[1,3,2]
                                   0            -0             = 
    84 NA_u_ctr[1,3,3]
                                   0            -0             = 
    85 NA_u_ctr[1,3,4]
                                   0            -0             = 
    86 NA_u_ctr[1,4,1]
                                   0            -0             = 
    87 NA_u_ctr[1,4,2]
                                   0            -0             = 
    88 NA_u_ctr[1,4,3]
                                   0            -0             = 
    89 NA_u_ctr[1,4,4]
                                   0            -0             = 
    90 NA_u_ctr[2,1,1]
                                   0            -0             = 
    91 NA_u_ctr[2,1,2]
                                   0            -0             = 
    92 NA_u_ctr[2,2,1]
                                   0            -0             = 
    93 NA_u_ctr[2,2,2]
                                   0            -0             = 
    94 NA_u_ctr[2,3,3]
                                   0            -0             = 
    95 NA_u_ctr[2,3,4]
                                   0            -0             = 
    96 NA_u_ctr[2,4,3]
                                   0            -0             = 
    97 NA_u_ctr[2,4,4]
                                   0            -0             = 
    98 NA_u_ctr[3,1,1]
                                   0            -0             = 
    99 NA_u_ctr[3,2,2]
                                   0            -0             = 
   100 NA_u_ctr[3,3,3]
                                   0            -0             = 
   101 NA_u_ctr[3,4,4]
                                   0            -0             = 
   102 NA_w_ctr[1,1,1]
                                   0            -0             = 
   103 NA_w_ctr[1,1,2]
                                   0            -0             = 
   104 NA_w_ctr[1,1,3]
                                   0            -0             = 
   105 NA_w_ctr[1,1,4]
                                   0            -0             = 
   106 NA_w_ctr[1,2,1]
                                   0            -0             = 
   107 NA_w_ctr[1,2,2]
                                   0            -0             = 
   108 NA_w_ctr[1,2,3]
                                   0            -0             = 
   109 NA_w_ctr[1,2,4]
                                   0            -0             = 
   110 NA_w_ctr[1,3,1]
                                   0            -0             = 
   111 NA_w_ctr[1,3,2]
                                   0            -0             = 
   112 NA_w_ctr[1,3,3]
                                   0            -0             = 
   113 NA_w_ctr[1,3,4]
                                   0            -0             = 
   114 NA_w_ctr[1,4,1]
                                   0            -0             = 
   115 NA_w_ctr[1,4,2]
                                   0            -0             = 
   116 NA_w_ctr[1,4,3]
                                   0            -0             = 
   117 NA_w_ctr[1,4,4]
                                   0            -0             = 
   118 NA_w_ctr[2,1,1]
                                   0            -0             = 
   119 NA_w_ctr[2,1,2]
                                   0            -0             = 
   120 NA_w_ctr[2,2,1]
                                   0            -0             = 
   121 NA_w_ctr[2,2,2]
                                   0            -0             = 
   122 NA_w_ctr[2,3,3]
                                   0            -0             = 
   123 NA_w_ctr[2,3,4]
                                   0            -0             = 
   124 NA_w_ctr[2,4,3]
                                   0            -0             = 
   125 NA_w_ctr[2,4,4]
                                   0            -0             = 
   126 NA_w_ctr[3,1,1]
                                   0            -0             = 
   127 NA_w_ctr[3,2,2]
                                   0            -0             = 
   128 NA_w_ctr[3,3,3]
                                   0            -0             = 
   129 NA_w_ctr[3,4,4]
                                   0            -0             = 
   130 NA_inv_ctr[1,1,1]
                                   0            -0             = 
   131 NA_inv_ctr[1,1,2]
                                   0            -0             = 
   132 NA_inv_ctr[1,1,3]
                                   0            -0             = 
   133 NA_inv_ctr[1,1,4]
                                   0            -0             = 
   134 NA_inv_ctr[1,2,1]
                                   0            -0             = 
   135 NA_inv_ctr[1,2,2]
                                   0            -0             = 
   136 NA_inv_ctr[1,2,3]
                                   0            -0             = 
   137 NA_inv_ctr[1,2,4]
                                   0            -0             = 
   138 NA_inv_ctr[1,3,1]
                                   0            -0             = 
   139 NA_inv_ctr[1,3,2]
                                   0            -0             = 
   140 NA_inv_ctr[1,3,3]
                                   0            -0             = 
   141 NA_inv_ctr[1,3,4]
                                   0            -0             = 
   142 NA_inv_ctr[1,4,1]
                                   0            -0             = 
   143 NA_inv_ctr[1,4,2]
                                   0            -0             = 
   144 NA_inv_ctr[1,4,3]
                                   0            -0             = 
   145 NA_inv_ctr[1,4,4]
                                   0            -0             = 
   146 NA_inv_ctr[2,1,1]
                                   0            -0             = 
   147 NA_inv_ctr[2,1,2]
                                   0            -0             = 
   148 NA_inv_ctr[2,2,1]
                                   0            -0             = 
   149 NA_inv_ctr[2,2,2]
                                   0            -0             = 
   150 NA_inv_ctr[2,3,3]
                                   0            -0             = 
   151 NA_inv_ctr[2,3,4]
                                   0            -0             = 
   152 NA_inv_ctr[2,4,3]
                                   0            -0             = 
   153 NA_inv_ctr[2,4,4]
                                   0            -0             = 
   154 NA_inv_ctr[3,1,1]
                                   0            -0             = 
   155 NA_inv_ctr[3,2,2]
                                   0            -0             = 
   156 NA_inv_ctr[3,3,3]
                                   0            -0             = 
   157 NA_inv_ctr[3,4,4]
                                   0            -0             = 
   158 NA_v_ctr[1,1,1,P1]
                                   0            -0             = 
   159 NA_v_ctr[1,1,1,P2]
                                   0            -0             = 
   160 NA_v_ctr[1,1,1,P3]
                                   0            -0             = 
   161 NA_v_ctr[1,1,1,P4]
                                   0            -0             = 
   162 NA_v_ctr[1,1,2,P1]
                                   0            -0             = 
   163 NA_v_ctr[1,1,2,P2]
                                   0            -0             = 
   164 NA_v_ctr[1,1,2,P3]
                                   0            -0             = 
   165 NA_v_ctr[1,1,2,P4]
                                   0            -0             = 
   166 NA_v_ctr[1,1,3,P1]
                                   0            -0             = 
   167 NA_v_ctr[1,1,3,P2]
                                   0            -0             = 
   168 NA_v_ctr[1,1,3,P3]
                                   0            -0             = 
   169 NA_v_ctr[1,1,3,P4]
                                   0            -0             = 
   170 NA_v_ctr[1,1,4,P1]
                                   0            -0             = 
   171 NA_v_ctr[1,1,4,P2]
                                   0            -0             = 
   172 NA_v_ctr[1,1,4,P3]
                                   0            -0             = 
   173 NA_v_ctr[1,1,4,P4]
                                   0            -0             = 
   174 NA_v_ctr[1,2,1,P1]
                                   0            -0             = 
   175 NA_v_ctr[1,2,1,P2]
                                   0            -0             = 
   176 NA_v_ctr[1,2,1,P3]
                                   0            -0             = 
   177 NA_v_ctr[1,2,1,P4]
                                   0            -0             = 
   178 NA_v_ctr[1,2,2,P1]
                                   0            -0             = 
   179 NA_v_ctr[1,2,2,P2]
                                   0            -0             = 
   180 NA_v_ctr[1,2,2,P3]
                                   0            -0             = 
   181 NA_v_ctr[1,2,2,P4]
                                   0            -0             = 
   182 NA_v_ctr[1,2,3,P1]
                                   0            -0             = 
   183 NA_v_ctr[1,2,3,P2]
                                   0            -0             = 
   184 NA_v_ctr[1,2,3,P3]
                                   0            -0             = 
   185 NA_v_ctr[1,2,3,P4]
                                   0            -0             = 
   186 NA_v_ctr[1,2,4,P1]
                                   0            -0             = 
   187 NA_v_ctr[1,2,4,P2]
                                   0            -0             = 
   188 NA_v_ctr[1,2,4,P3]
                                   0            -0             = 
   189 NA_v_ctr[1,2,4,P4]
                                   0            -0             = 
   190 NA_v_ctr[1,3,1,P1]
                                   0            -0             = 
   191 NA_v_ctr[1,3,1,P2]
                                   0            -0             = 
   192 NA_v_ctr[1,3,1,P3]
                                   0            -0             = 
   193 NA_v_ctr[1,3,1,P4]
                                   0            -0             = 
   194 NA_v_ctr[1,3,2,P1]
                                   0            -0             = 
   195 NA_v_ctr[1,3,2,P2]
                                   0            -0             = 
   196 NA_v_ctr[1,3,2,P3]
                                   0            -0             = 
   197 NA_v_ctr[1,3,2,P4]
                                   0            -0             = 
   198 NA_v_ctr[1,3,3,P1]
                                   0            -0             = 
   199 NA_v_ctr[1,3,3,P2]
                                   0            -0             = 
   200 NA_v_ctr[1,3,3,P3]
                                   0            -0             = 
   201 NA_v_ctr[1,3,3,P4]
                                   0            -0             = 
   202 NA_v_ctr[1,3,4,P1]
                                   0            -0             = 
   203 NA_v_ctr[1,3,4,P2]
                                   0            -0             = 
   204 NA_v_ctr[1,3,4,P3]
                                   0            -0             = 
   205 NA_v_ctr[1,3,4,P4]
                                   0            -0             = 
   206 NA_v_ctr[1,4,1,P1]
                                   0            -0             = 
   207 NA_v_ctr[1,4,1,P2]
                                   0            -0             = 
   208 NA_v_ctr[1,4,1,P3]
                                   0            -0             = 
   209 NA_v_ctr[1,4,1,P4]
                                   0            -0             = 
   210 NA_v_ctr[1,4,2,P1]
                                   0            -0             = 
   211 NA_v_ctr[1,4,2,P2]
                                   0            -0             = 
   212 NA_v_ctr[1,4,2,P3]
                                   0            -0             = 
   213 NA_v_ctr[1,4,2,P4]
                                   0            -0             = 
   214 NA_v_ctr[1,4,3,P1]
                                   0            -0             = 
   215 NA_v_ctr[1,4,3,P2]
                                   0            -0             = 
   216 NA_v_ctr[1,4,3,P3]
                                   0            -0             = 
   217 NA_v_ctr[1,4,3,P4]
                                   0            -0             = 
   218 NA_v_ctr[1,4,4,P1]
                                   0            -0             = 
   219 NA_v_ctr[1,4,4,P2]
                                   0            -0             = 
   220 NA_v_ctr[1,4,4,P3]
                                   0            -0             = 
   221 NA_v_ctr[1,4,4,P4]
                                   0            -0             = 
   222 NA_v_ctr[2,1,1,P1]
                                   0            -0             = 
   223 NA_v_ctr[2,1,1,P2]
                                   0            -0             = 
   224 NA_v_ctr[2,1,1,P3]
                                   0            -0             = 
   225 NA_v_ctr[2,1,1,P4]
                                   0            -0             = 
   226 NA_v_ctr[2,1,2,P1]
                                   0            -0             = 
   227 NA_v_ctr[2,1,2,P2]
                                   0            -0             = 
   228 NA_v_ctr[2,1,2,P3]
                                   0            -0             = 
   229 NA_v_ctr[2,1,2,P4]
                                   0            -0             = 
   230 NA_v_ctr[2,2,1,P1]
                                   0            -0             = 
   231 NA_v_ctr[2,2,1,P2]
                                   0            -0             = 
   232 NA_v_ctr[2,2,1,P3]
                                   0            -0             = 
   233 NA_v_ctr[2,2,1,P4]
                                   0            -0             = 
   234 NA_v_ctr[2,2,2,P1]
                                   0            -0             = 
   235 NA_v_ctr[2,2,2,P2]
                                   0            -0             = 
   236 NA_v_ctr[2,2,2,P3]
                                   0            -0             = 
   237 NA_v_ctr[2,2,2,P4]
                                   0            -0             = 
   238 NA_v_ctr[2,3,3,P1]
                                   0            -0             = 
   239 NA_v_ctr[2,3,3,P2]
                                   0            -0             = 
   240 NA_v_ctr[2,3,3,P3]
                                   0            -0             = 
   241 NA_v_ctr[2,3,3,P4]
                                   0            -0             = 
   242 NA_v_ctr[2,3,4,P1]
                                   0            -0             = 
   243 NA_v_ctr[2,3,4,P2]
                                   0            -0             = 
   244 NA_v_ctr[2,3,4,P3]
                                   0            -0             = 
   245 NA_v_ctr[2,3,4,P4]
                                   0            -0             = 
   246 NA_v_ctr[2,4,3,P1]
                                   0            -0             = 
   247 NA_v_ctr[2,4,3,P2]
                                   0            -0             = 
   248 NA_v_ctr[2,4,3,P3]
                                   0            -0             = 
   249 NA_v_ctr[2,4,3,P4]
                                   0            -0             = 
   250 NA_v_ctr[2,4,4,P1]
                                   0            -0             = 
   251 NA_v_ctr[2,4,4,P2]
                                   0            -0             = 
   252 NA_v_ctr[2,4,4,P3]
                                   0            -0             = 
   253 NA_v_ctr[2,4,4,P4]
                                   0            -0             = 
   254 NA_x_ctr[1,1,1,A2]
                                   0            -0             = 
   255 NA_x_ctr[1,1,2,A2]
                                   0            -0             = 
   256 NA_x_ctr[1,1,3,A2]
                                   0            -0             = 
   257 NA_x_ctr[1,1,4,A2]
                                   0            -0             = 
   258 NA_x_ctr[1,2,1,A2]
                                   0            -0             = 
   259 NA_x_ctr[1,2,2,A2]
                                   0            -0             = 
   260 NA_x_ctr[1,2,3,A2]
                                   0            -0             = 
   261 NA_x_ctr[1,2,4,A2]
                                   0            -0             = 
   262 NA_x_ctr[1,3,1,A2]
                                   0            -0             = 
   263 NA_x_ctr[1,3,2,A2]
                                   0            -0             = 
   264 NA_x_ctr[1,3,3,A2]
                                   0            -0             = 
   265 NA_x_ctr[1,3,4,A2]
                                   0            -0             = 
   266 NA_x_ctr[1,4,1,A2]
                                   0            -0             = 
   267 NA_x_ctr[1,4,2,A2]
                                   0            -0             = 
   268 NA_x_ctr[1,4,3,A2]
                                   0            -0             = 
   269 NA_x_ctr[1,4,4,A2]
                                   0            -0             = 

   No. Column name       Activity     Lower bound   Upper bound
------ ------------    ------------- ------------- -------------
     1 u[1,1]                      0             0               
     2 u[1,2]                      0             0               
     3 u[1,3]                      0             0               
     4 u[1,4]                      0             0               
     5 u[2,1]                     40             0               
     6 u[2,2]                     40             0               
     7 u[2,3]                     40             0               
     8 u[2,4]                     40             0               
     9 u[3,1]                     39             0               
    10 u[3,2]                     39             0               
    11 u[3,3]                      0             0               
    12 u[3,4]                      0             0               
    13 w[1,1]                      0             0               
    14 w[1,2]                      0             0               
    15 w[1,3]                      0             0               
    16 w[1,4]                      0             0               
    17 w[2,1]                     22             0               
    18 w[2,2]                     22             0               
    19 w[2,3]                     22             0               
    20 w[2,4]                     22             0               
    21 w[3,1]                      0             0               
    22 w[3,2]                      0             0               
    23 w[3,3]                      0             0               
    24 w[3,4]                      0             0               
    25 inv[1,1]                   23             0               
    26 inv[1,2]                   23             0               
    27 inv[1,3]                   23             0               
    28 inv[1,4]                   23             0               
    29 inv[2,1]                   25             0               
    30 inv[2,2]                   25             0               
    31 inv[2,3]                   46             0               
    32 inv[2,4]                   46             0               
    33 inv[3,1]                   21             0               
    34 inv[3,2]                   40             0               
    35 inv[3,3]                   12             0               
    36 inv[3,4]                    2             0               
    37 v[P1,1,1]    *              0             0             1 
    38 v[P1,2,1]    *              0             0             1 
    39 v[P1,1,2]    *              0             0             1 
    40 v[P1,2,2]    *              0             0             1 
    41 v[P1,1,3]    *              0             0             1 
    42 v[P1,2,3]    *              0             0             1 
    43 v[P1,1,4]    *              0             0             1 
    44 v[P1,2,4]    *              0             0             1 
    45 v[P2,1,1]    *              0             0             1 
    46 v[P2,2,1]    *              0             0             1 
    47 v[P2,1,2]    *              0             0             1 
    48 v[P2,2,2]    *              0             0             1 
    49 v[P2,1,3]    *              0             0             1 
    50 v[P2,2,3]    *              0             0             1 
    51 v[P2,1,4]    *              0             0             1 
    52 v[P2,2,4]    *              0             0             1 
    53 v[P3,1,1]    *              0             0             1 
    54 v[P3,2,1]    *              1             0             1 
    55 v[P3,1,2]    *              0             0             1 
    56 v[P3,2,2]    *              1             0             1 
    57 v[P3,1,3]    *              0             0             1 
    58 v[P3,2,3]    *              0             0             1 
    59 v[P3,1,4]    *              0             0             1 
    60 v[P3,2,4]    *              0             0             1 
    61 v[P4,1,1]    *              1             0             1 
    62 v[P4,2,1]    *              0             0             1 
    63 v[P4,1,2]    *              1             0             1 
    64 v[P4,2,2]    *              0             0             1 
    65 v[P4,1,3]    *              1             0             1 
    66 v[P4,2,3]    *              0             0             1 
    67 v[P4,1,4]    *              1             0             1 
    68 v[P4,2,4]    *              0             0             1 
    69 x[A2,1,1]    *              1             0             1 
    70 x[A2,1,2]    *              1             0             1 
    71 x[A2,1,3]    *              1             0             1 
    72 x[A2,1,4]    *              1             0             1 

Integer feasibility conditions:

KKT.PE: max.abs.err = 0.00e+00 on row 0
        max.rel.err = 0.00e+00 on row 0
        High quality

KKT.PB: max.abs.err = 0.00e+00 on row 0
        max.rel.err = 0.00e+00 on row 0
        High quality

End of output
